<?xml version="1.0" encoding="UTF-8"?>
<!-- Generated by org.testng.reporters.JUnitReportReporter -->
<testsuite hostname="DESKTOP-LVM6PIB" failures="0" tests="1" name="testcases.SampleTest" time="0.014" errors="0" timestamp="2022-03-26T11:38:43 IST" skipped="0">
  <testcase classname="testcases.SampleTest" name="test1" time="0.014"/>
  <system-out/>
</testsuite> <!-- testcases.SampleTest -->
